{"level":"info","message":"User having id: 58125582d9531a04482cb6fd clicked on page to post an advertisement","timestamp":"11/5/2016, 10:44:44 PM"}
{"level":"info","message":"User having id: 58125582d9531a04482cb6fd posted an advertisement","timestamp":"11/5/2016, 10:45:01 PM"}
{"level":"info","message":"User having id: 58125582d9531a04482cb6fd logged out.","timestamp":"11/5/2016, 10:45:03 PM"}
{"level":"info","message":"User having id: 5819b283da57342444c81075 logged out.","timestamp":"11/5/2016, 10:45:17 PM"}
{"level":"info","message":"User having id: 58125674d9531a04482cb706 logged out.","timestamp":"11/5/2016, 10:48:28 PM"}
{"level":"info","message":"User having id: 581255c3d9531a04482cb701 viewed his profile","timestamp":"11/5/2016, 10:51:03 PM"}
{"level":"info","message":"User having id: 581255c3d9531a04482cb701 clicked on page to post an advertisement","timestamp":"11/5/2016, 10:51:05 PM"}
{"level":"info","message":"User having id: 581255c3d9531a04482cb701 posted an advertisement","timestamp":"11/5/2016, 10:51:20 PM"}
{"level":"info","message":"User having id: 581255c3d9531a04482cb701 viewed his profile","timestamp":"11/5/2016, 10:51:36 PM"}
{"level":"info","message":"User having id: 581255c3d9531a04482cb701 logged out.","timestamp":"11/5/2016, 10:51:49 PM"}
{"level":"info","message":"User having id: 581255c3d9531a04482cb701 clicked on page to post an advertisement","timestamp":"11/5/2016, 10:54:11 PM"}
{"level":"info","message":"User having id: 581255c3d9531a04482cb701 posted an advertisement","timestamp":"11/5/2016, 10:54:21 PM"}
{"level":"info","message":"User having id: 58125582d9531a04482cb6fd clicked on page to post an advertisement","timestamp":"11/5/2016, 10:55:42 PM"}
{"level":"info","message":"User having id: 58125582d9531a04482cb6fd posted an advertisement","timestamp":"11/5/2016, 10:55:52 PM"}
{"level":"info","message":"User having id: 58125582d9531a04482cb6fd clicked on page to post an advertisement","timestamp":"11/5/2016, 10:56:49 PM"}
{"level":"info","message":"User having id: 58125582d9531a04482cb6fd posted an advertisement","timestamp":"11/5/2016, 10:56:57 PM"}
{"level":"info","message":"User having id: 581255c3d9531a04482cb701 is on the home page","timestamp":"11/5/2016, 10:58:11 PM"}
{"level":"info","message":"User having id: 581255c3d9531a04482cb701 viewed his profile","timestamp":"11/5/2016, 10:58:18 PM"}
{"level":"info","message":"User having id: 581255c3d9531a04482cb701 logged out.","timestamp":"11/5/2016, 10:58:22 PM"}
{"level":"info","message":"User having id: 58125582d9531a04482cb6fd is on the home page","timestamp":"11/5/2016, 10:58:28 PM"}
{"level":"info","message":"User having id: 58125582d9531a04482cb6fd logged out.","timestamp":"11/5/2016, 10:58:30 PM"}
{"level":"info","message":"User having id: 58125582d9531a04482cb6fd is on the home page","timestamp":"11/5/2016, 10:59:38 PM"}
{"level":"info","message":"User having id: 58125582d9531a04482cb6fd viewed his profile","timestamp":"11/5/2016, 10:59:42 PM"}
{"level":"info","message":"User having id: 58125582d9531a04482cb6fd clicked on page to post an advertisement","timestamp":"11/5/2016, 10:59:47 PM"}
{"level":"info","message":"User having id: 58125582d9531a04482cb6fd posted an advertisement","timestamp":"11/5/2016, 11:00:02 PM"}
{"level":"info","message":"User having id: 58125582d9531a04482cb6fd is on the home page","timestamp":"11/5/2016, 11:00:02 PM"}
{"level":"info","message":"User having id: 58125582d9531a04482cb6fd logged out.","timestamp":"11/5/2016, 11:00:04 PM"}
{"level":"info","message":"User having id: 581255c3d9531a04482cb701 is on the home page","timestamp":"11/5/2016, 11:00:09 PM"}
{"level":"info","message":"User having id: 581255c3d9531a04482cb701 is on the home page","timestamp":"11/5/2016, 11:00:13 PM"}
{"level":"info","message":"User having id: 5819b283da57342444c81075 is on the home page","timestamp":"11/5/2016, 11:01:19 PM"}
{"level":"info","message":"User having id: 5819b283da57342444c81075 is on the home page","timestamp":"11/5/2016, 11:01:24 PM"}
{"level":"info","message":"User having id: 5819b283da57342444c81075 is on the home page","timestamp":"11/5/2016, 11:02:41 PM"}
{"level":"info","message":"User having id: 5819b283da57342444c81075 is on the home page","timestamp":"11/5/2016, 11:02:45 PM"}
{"level":"info","message":"User having id: 5819b283da57342444c81075 is on the home page","timestamp":"11/5/2016, 11:03:09 PM"}
{"level":"info","message":"User having id: 5819b283da57342444c81075 is on the home page","timestamp":"11/5/2016, 11:06:02 PM"}
{"level":"info","message":"User having id: 58125582d9531a04482cb6fd is on the home page","timestamp":"11/5/2016, 11:07:47 PM"}
{"level":"info","message":"User having id: 58125582d9531a04482cb6fd logged out.","timestamp":"11/5/2016, 11:07:49 PM"}
{"level":"info","message":"User having id: 58125582d9531a04482cb6fd is on the home page","timestamp":"11/5/2016, 11:07:53 PM"}
{"level":"info","message":"User having id: 58125582d9531a04482cb6fd clicked on page to post an advertisement","timestamp":"11/5/2016, 11:07:54 PM"}
{"level":"info","message":"User having id: undefined logged out.","timestamp":"11/5/2016, 11:08:31 PM"}
{"level":"info","message":"User having id: 58125582d9531a04482cb6fd is on the home page","timestamp":"11/5/2016, 11:08:34 PM"}
{"level":"info","message":"User having id: 58125582d9531a04482cb6fd clicked on page to post an advertisement","timestamp":"11/5/2016, 11:08:35 PM"}
{"level":"info","message":"User having id: 58125582d9531a04482cb6fd posted an advertisement","timestamp":"11/5/2016, 11:08:48 PM"}
{"level":"info","message":"User having id: 58125582d9531a04482cb6fd is on the home page","timestamp":"11/5/2016, 11:08:49 PM"}
{"level":"info","message":"User having id: 58125582d9531a04482cb6fd clicked on page to post an advertisement","timestamp":"11/5/2016, 11:08:50 PM"}
{"level":"info","message":"User having id: 58125582d9531a04482cb6fd posted an advertisement","timestamp":"11/5/2016, 11:09:01 PM"}
{"level":"info","message":"User having id: 58125582d9531a04482cb6fd is on the home page","timestamp":"11/5/2016, 11:09:02 PM"}
{"level":"info","message":"User having id: 58125582d9531a04482cb6fd logged out.","timestamp":"11/5/2016, 11:09:03 PM"}
{"level":"info","message":"User having id: 581255c3d9531a04482cb701 is on the home page","timestamp":"11/5/2016, 11:09:07 PM"}
{"level":"info","message":"User having id: 581255c3d9531a04482cb701 is on the home page","timestamp":"11/5/2016, 11:09:12 PM"}
{"level":"info","message":"User having id: 581255c3d9531a04482cb701 is on the home page","timestamp":"11/5/2016, 11:10:03 PM"}
{"level":"info","message":"User having id: 581255c3d9531a04482cb701 is on the home page","timestamp":"11/5/2016, 11:10:07 PM"}
{"level":"info","message":"User having id: 581255c3d9531a04482cb701 is on the home page","timestamp":"11/5/2016, 11:11:59 PM"}
{"level":"info","message":"User having id: 581255c3d9531a04482cb701 is on the home page","timestamp":"11/5/2016, 11:12:05 PM"}
{"level":"info","message":"User having id: 581255c3d9531a04482cb701 is on the home page","timestamp":"11/5/2016, 11:12:25 PM"}
{"level":"info","message":"User having id: 581255c3d9531a04482cb701 is on the home page","timestamp":"11/5/2016, 11:12:29 PM"}
{"level":"info","message":"User having id: 581255c3d9531a04482cb701 is on the home page","timestamp":"11/5/2016, 11:12:59 PM"}
{"level":"info","message":"User having id: 58125582d9531a04482cb6fd is on the home page","timestamp":"11/6/2016, 1:16:43 AM"}
{"level":"info","message":"User having id: 58125582d9531a04482cb6fd logged out.","timestamp":"11/6/2016, 1:16:45 AM"}
{"level":"info","message":"User having id: 58125674d9531a04482cb706 is on the home page","timestamp":"11/6/2016, 1:16:49 AM"}
{"level":"info","message":"User having id: 58125674d9531a04482cb706 clicked on page to post an advertisement","timestamp":"11/6/2016, 1:16:50 AM"}
{"level":"info","message":"User having id: 58125674d9531a04482cb706 viewed his profile","timestamp":"11/6/2016, 1:17:13 AM"}
{"level":"info","message":"User having id: 58125674d9531a04482cb706 logged out.","timestamp":"11/6/2016, 1:17:16 AM"}
{"level":"info","message":"User having id: 58125582d9531a04482cb6fd is on the home page","timestamp":"11/6/2016, 1:17:19 AM"}
{"level":"info","message":"User having id: 58125582d9531a04482cb6fd clicked on page to post an advertisement","timestamp":"11/6/2016, 1:17:21 AM"}
{"level":"info","message":"User having id: 58125582d9531a04482cb6fd posted an advertisement","timestamp":"11/6/2016, 1:17:34 AM"}
{"level":"info","message":"User having id: 58125582d9531a04482cb6fd is on the home page","timestamp":"11/6/2016, 1:17:35 AM"}
{"level":"info","message":"User having id: 58125582d9531a04482cb6fd logged out.","timestamp":"11/6/2016, 1:17:36 AM"}
{"level":"info","message":"User having id: 5819b283da57342444c81075 is on the home page","timestamp":"11/6/2016, 1:17:40 AM"}
{"level":"info","message":"User having id: 5819b283da57342444c81075 is on the home page","timestamp":"11/6/2016, 1:17:44 AM"}
{"level":"info","message":"User having id: 5819b283da57342444c81075 logged out.","timestamp":"11/6/2016, 1:17:46 AM"}
{"level":"info","message":"User having id: 5819b283da57342444c81075 is on the home page","timestamp":"11/6/2016, 1:17:53 AM"}
{"level":"info","message":"User having id: 5819b283da57342444c81075 logged out.","timestamp":"11/6/2016, 1:17:59 AM"}
{"level":"info","message":"User having id: 5819b283da57342444c81075 is on the home page","timestamp":"11/6/2016, 1:18:05 AM"}
{"level":"info","message":"User having id: 5819b283da57342444c81075 viewed his purchase history","timestamp":"11/6/2016, 1:18:06 AM"}
{"level":"info","message":"User having id: 5819b283da57342444c81075 logged out.","timestamp":"11/6/2016, 1:18:12 AM"}
{"level":"info","message":"User having id: 58125674d9531a04482cb706 is on the home page","timestamp":"11/6/2016, 1:18:18 AM"}
{"level":"info","message":"User having id: 58125674d9531a04482cb706 is on the home page","timestamp":"11/6/2016, 1:18:22 AM"}
{"level":"info","message":"User having id: 58125674d9531a04482cb706 logged out.","timestamp":"11/6/2016, 1:18:23 AM"}
{"level":"info","message":"User having id: 5819b5405daa132644c0e0c9 is on the home page","timestamp":"11/6/2016, 1:18:35 AM"}
{"level":"info","message":"User having id: 5819b5405daa132644c0e0c9 is on the home page","timestamp":"11/6/2016, 1:18:42 AM"}
{"level":"info","message":"User having id: 5819b5405daa132644c0e0c9 viewed his Sold items","timestamp":"11/6/2016, 1:18:44 AM"}
{"level":"info","message":"User having id: 5819b5405daa132644c0e0c9 viewed his purchase history","timestamp":"11/6/2016, 1:18:45 AM"}
{"level":"info","message":"User having id: 5819b5405daa132644c0e0c9 clicked on page to post an advertisement","timestamp":"11/6/2016, 1:18:47 AM"}
{"level":"info","message":"User having id: 5819b5405daa132644c0e0c9 is on the home page","timestamp":"11/6/2016, 1:18:50 AM"}
{"level":"info","message":"User having id: 5819b5405daa132644c0e0c9 logged out.","timestamp":"11/6/2016, 1:18:55 AM"}
{"level":"info","message":"User having id: 58125582d9531a04482cb6fd is on the home page","timestamp":"11/6/2016, 1:18:58 AM"}
{"level":"info","message":"User having id: 58125582d9531a04482cb6fd logged out.","timestamp":"11/6/2016, 1:19:03 AM"}
{"level":"info","message":"User having id: 58125582d9531a04482cb6fd is on the home page","timestamp":"11/6/2016, 1:19:07 AM"}
{"level":"info","message":"User having id: 58125582d9531a04482cb6fd logged out.","timestamp":"11/6/2016, 1:19:08 AM"}
{"level":"info","message":"User having id: 5819b283da57342444c81075 is on the home page","timestamp":"11/6/2016, 1:19:16 AM"}
{"level":"info","message":"User having id: 5819b283da57342444c81075 is on the home page","timestamp":"11/6/2016, 1:21:42 AM"}
{"level":"info","message":"User having id: 5819b283da57342444c81075 viewed his purchase history","timestamp":"11/6/2016, 1:21:43 AM"}
{"level":"info","message":"User having id: 5819b283da57342444c81075 is on the home page","timestamp":"11/6/2016, 1:21:45 AM"}
{"level":"info","message":"User having id: 5819b283da57342444c81075 viewed his purchase history","timestamp":"11/6/2016, 1:21:46 AM"}
{"level":"info","message":"User having id: 5819b283da57342444c81075 is on the home page","timestamp":"11/6/2016, 1:21:49 AM"}
{"level":"info","message":"User having id: 5819b283da57342444c81075 viewed his Sold items","timestamp":"11/6/2016, 1:21:50 AM"}
{"level":"info","message":"User having id: 5819b283da57342444c81075 is on the home page","timestamp":"11/6/2016, 1:21:51 AM"}
{"level":"info","message":"User having id: 5819b283da57342444c81075 viewed his profile","timestamp":"11/6/2016, 1:21:53 AM"}
{"level":"info","message":"User having id: 5819b283da57342444c81075 is on the home page","timestamp":"11/6/2016, 1:21:55 AM"}
{"level":"info","message":"User having id: 5819b283da57342444c81075 viewed his profile","timestamp":"11/6/2016, 1:22:09 AM"}
{"level":"info","message":"User having id: 5819b283da57342444c81075 is on the home page","timestamp":"11/6/2016, 1:22:12 AM"}
{"level":"info","message":"User having id: 5819b283da57342444c81075 is on the home page","timestamp":"11/6/2016, 1:22:18 AM"}
{"level":"info","message":"User having id: 5819b283da57342444c81075 logged out.","timestamp":"11/6/2016, 1:22:22 AM"}
{"level":"info","message":"User having id: 58125582d9531a04482cb6fd is on the home page","timestamp":"11/6/2016, 1:23:08 AM"}
{"level":"info","message":"User having id: 58125582d9531a04482cb6fd viewed his purchase history","timestamp":"11/6/2016, 1:23:11 AM"}
{"level":"info","message":"User having id: 58125582d9531a04482cb6fd viewed his Sold items","timestamp":"11/6/2016, 1:23:12 AM"}
{"level":"info","message":"User having id: 58125582d9531a04482cb6fd viewed his profile","timestamp":"11/6/2016, 1:23:13 AM"}
{"level":"info","message":"User having id: 58125582d9531a04482cb6fd viewed his Sold items","timestamp":"11/6/2016, 1:23:15 AM"}
{"level":"info","message":"User having id: 58125582d9531a04482cb6fd viewed his purchase history","timestamp":"11/6/2016, 1:23:19 AM"}
{"level":"info","message":"User having id: 58125582d9531a04482cb6fd logged out.","timestamp":"11/6/2016, 1:23:20 AM"}
{"level":"info","message":"User having id: 5819b283da57342444c81075 is on the home page","timestamp":"11/6/2016, 1:23:23 AM"}
{"level":"info","message":"User having id: 5819b283da57342444c81075 viewed his purchase history","timestamp":"11/6/2016, 1:23:27 AM"}
{"level":"info","message":"User having id: 5819b283da57342444c81075 logged out.","timestamp":"11/6/2016, 1:23:29 AM"}
{"level":"info","message":"User having id: 5819b283da57342444c81075 is on the home page","timestamp":"11/6/2016, 1:36:05 AM"}
{"level":"info","message":"User having id: 5819b283da57342444c81075 logged out.","timestamp":"11/6/2016, 1:36:08 AM"}
{"level":"info","message":"User having id: 58125582d9531a04482cb6fd is on the home page","timestamp":"11/6/2016, 1:36:11 AM"}
{"level":"info","message":"User having id: 58125582d9531a04482cb6fd viewed his purchase history","timestamp":"11/6/2016, 1:36:13 AM"}
{"level":"info","message":"User having id: 58125582d9531a04482cb6fd is on the home page","timestamp":"11/6/2016, 1:36:14 AM"}
{"level":"info","message":"User having id: 58125582d9531a04482cb6fd clicked on page to post an advertisement","timestamp":"11/6/2016, 1:36:14 AM"}
{"level":"info","message":"User having id: 58125582d9531a04482cb6fd is on the home page","timestamp":"11/6/2016, 1:37:34 AM"}
{"level":"info","message":"User having id: 58125582d9531a04482cb6fd viewed his purchase history","timestamp":"11/6/2016, 1:37:35 AM"}
{"level":"info","message":"User having id: 58125582d9531a04482cb6fd viewed his Sold items","timestamp":"11/6/2016, 1:37:36 AM"}
{"level":"info","message":"User having id: 58125582d9531a04482cb6fd clicked on page to post an advertisement","timestamp":"11/6/2016, 1:37:37 AM"}
{"level":"info","message":"User having id: 58125582d9531a04482cb6fd is on the home page","timestamp":"11/6/2016, 1:37:44 AM"}
{"level":"info","message":"User having id: 58125582d9531a04482cb6fd posted an advertisement","timestamp":"11/6/2016, 1:38:08 AM"}
{"level":"info","message":"User having id: 58125582d9531a04482cb6fd is on the home page","timestamp":"11/6/2016, 1:38:08 AM"}
{"level":"info","message":"User having id: 58125582d9531a04482cb6fd clicked on page to post an advertisement","timestamp":"11/6/2016, 1:38:43 AM"}
{"level":"info","message":"User having id: 58125582d9531a04482cb6fd posted an advertisement","timestamp":"11/6/2016, 1:38:58 AM"}
{"level":"info","message":"User having id: 58125582d9531a04482cb6fd is on the home page","timestamp":"11/6/2016, 1:38:59 AM"}
{"level":"info","message":"User having id: 58125582d9531a04482cb6fd clicked on page to post an advertisement","timestamp":"11/6/2016, 1:39:00 AM"}
{"level":"info","message":"User having id: 58125582d9531a04482cb6fd posted an advertisement","timestamp":"11/6/2016, 1:39:14 AM"}
{"level":"info","message":"User having id: 58125582d9531a04482cb6fd is on the home page","timestamp":"11/6/2016, 1:39:15 AM"}
{"level":"info","message":"User having id: 58125582d9531a04482cb6fd clicked on page to post an advertisement","timestamp":"11/6/2016, 1:39:16 AM"}
{"level":"info","message":"User having id: 58125582d9531a04482cb6fd posted an advertisement","timestamp":"11/6/2016, 1:39:31 AM"}
{"level":"info","message":"User having id: 58125582d9531a04482cb6fd is on the home page","timestamp":"11/6/2016, 1:39:32 AM"}
{"level":"info","message":"User having id: 58125582d9531a04482cb6fd clicked on page to post an advertisement","timestamp":"11/6/2016, 1:39:33 AM"}
{"level":"info","message":"User having id: 58125582d9531a04482cb6fd posted an advertisement","timestamp":"11/6/2016, 1:39:42 AM"}
{"level":"info","message":"User having id: 58125582d9531a04482cb6fd is on the home page","timestamp":"11/6/2016, 1:39:43 AM"}
{"level":"info","message":"User having id: 58125582d9531a04482cb6fd logged out.","timestamp":"11/6/2016, 1:39:43 AM"}
{"level":"info","message":"User having id: 5819b283da57342444c81075 is on the home page","timestamp":"11/6/2016, 1:39:48 AM"}
{"level":"info","message":"User having id: 5819b283da57342444c81075 is on the home page","timestamp":"11/6/2016, 1:40:02 AM"}
{"level":"info","message":"User having id: 5819b283da57342444c81075 is on the home page","timestamp":"11/6/2016, 1:41:52 AM"}
{"level":"info","message":"User having id: 5819b283da57342444c81075 is on the home page","timestamp":"11/6/2016, 1:47:40 AM"}
{"level":"info","message":"User having id: 5819b283da57342444c81075 is on the home page","timestamp":"11/6/2016, 1:47:44 AM"}
